# hmmsearch :: search profile(s) against a sequence database
# HMMER 3.1b2 (February 2015); http://hmmer.org/
# Copyright (C) 2015 Howard Hughes Medical Institute.
# Freely distributed under the GNU General Public License (GPLv3).
# - - - - - - - - - - - - - - - - - - - - - - - - - - - - - - - - - - - -
# query HMM file:                  /usr/local/CRISPRCasFinder/CasFinder-2.0.2/CASprofiles-2.0.2/Csm6_0_IIIA.hmm
# target sequence database:        /store/webapp/ccpp/637108671004790426/query_2_12_2019_6_5_7/prodigal_NODE_12_length_164384_cov_302_877824/NODE_12_length_164384_cov_302_877824.faa
# output directed to file:         query_2_12_2019_6_5_7/casfinder_NODE_12_length_164384_cov_302_877824/hmmer_results/Csm6_0_IIIA.search_hmm.out
# sequence reporting threshold:    E-value <= 1
# number of worker threads:        0
# - - - - - - - - - - - - - - - - - - - - - - - - - - - - - - - - - - - -

Query:       TIGR02672  [M=362]
Accession:   TIGR02672
Description: cas_csm6: CRISPR type III-A/MTUBE-associated protein Csm6
Scores for complete sequences (score includes all domains):
   --- full sequence ---   --- best 1 domain ---    -#dom-
    E-value  score  bias    E-value  score  bias    exp  N  Sequence Description
    ------- ------ -----    ------- ------ -----   ---- --  -------- -----------

   [No hits detected that satisfy reporting thresholds]


Domain annotation for each sequence (and alignments):

   [No targets detected that satisfy reporting thresholds]


Internal pipeline statistics summary:
-------------------------------------
Query model(s):                              1  (362 nodes)
Target sequences:                          170  (48740 residues searched)
Passed MSV filter:                         4  (0.0235294); expected 3.4 (0.02)
Passed bias filter:                        4  (0.0235294); expected 3.4 (0.02)
Passed Vit filter:                         0  (0); expected 0.2 (0.001)
Passed Fwd filter:                         0  (0); expected 0.0 (1e-05)
Initial search space (Z):                170  [actual number of targets]
Domain search space  (domZ):               0  [number of targets reported over threshold]
# CPU time: 0.00u 0.00s 00:00:00.00 Elapsed: 00:00:00.00
# Mc/sec: inf
//
[ok]
