MacSyFinder's results will be stored in query_2_12_2019_6_5_7/casfinder_NODE_12_length_164384_cov_302_877824/
Analysis launched on /store/webapp/ccpp/637108671004790426/query_2_12_2019_6_5_7/prodigal_NODE_12_length_164384_cov_302_877824/NODE_12_length_164384_cov_302_877824.faa for system(s):
	- CAS-TypeIA
	- CAS-TypeIB
	- CAS-TypeIC
	- CAS-TypeID
	- CAS-TypeIE
	- CAS-TypeIF
	- CAS-TypeIIA
	- CAS-TypeIIB
	- CAS-TypeIIC
	- CAS-TypeIIIA
	- CAS-TypeIIIB
	- CAS-TypeIIIC
	- CAS-TypeIIID
	- CAS-TypeIU
	- CAS-TypeIV
	- CAS-TypeVA
	- CAS-TypeVB
	- CAS-TypeVC
	- CAS-TypeVIA
	- CAS-TypeVIB1
	- CAS-TypeVIB2
	- CAS-TypeVIC
	- CAS

************************************
 Analyzing clusters 
************************************


    
****************************************************
******* Report scattered/uncompleted systems *******
****************************************************

******************************************

******************************************
Building reports of detected systems
 
Counter()
******************************************
